C:\Program Files (x86)\Microsoft Visual Studio\2019\Community\MSBuild\Microsoft\VC\v160\Microsoft.CppBuild.targets(459,5): warning MSB8028: The intermediate directory (x64\Debug\) contains files shared from another project (Game_1.vcxproj).  This can lead to incorrect clean and rebuild behavior.
  Button.cpp
C:\Users\JordanK\Desktop\szt-OS\gui\Game_1\Button.cpp(19,71): warning C4244: 'argument': conversion from 'double' to 'T', possible loss of data
          with
          [
              T=float
          ]
C:\Users\JordanK\Desktop\szt-OS\gui\Game_1\Button.cpp(19,58): warning C4244: 'argument': conversion from 'double' to 'T', possible loss of data
          with
          [
              T=float
          ]
C:\Users\JordanK\Desktop\szt-OS\gui\Game_1\Button.cpp(20,58): warning C4244: 'argument': conversion from 'double' to 'T', possible loss of data
          with
          [
              T=float
          ]
C:\Users\JordanK\Desktop\szt-OS\gui\Game_1\Button.cpp(20,49): warning C4244: 'argument': conversion from 'double' to 'T', possible loss of data
          with
          [
              T=float
          ]
C:\Users\JordanK\Desktop\szt-OS\gui\Game_1\Button.cpp(28,42): warning C4244: 'argument': conversion from 'double' to 'T', possible loss of data
          with
          [
              T=float
          ]
C:\Users\JordanK\Desktop\szt-OS\gui\Game_1\Button.cpp(28,39): warning C4244: 'argument': conversion from 'double' to 'T', possible loss of data
          with
          [
              T=float
          ]
  CreateWindow.cpp
C:\Users\JordanK\Desktop\szt-OS\gui\Game_1\CreateWindow.cpp(11,67): warning C4244: 'argument': conversion from 'double' to 'T', possible loss of data
          with
          [
              T=float
          ]
C:\Users\JordanK\Desktop\szt-OS\gui\Game_1\CreateWindow.cpp(11,54): warning C4244: 'argument': conversion from 'double' to 'T', possible loss of data
          with
          [
              T=float
          ]
C:\Users\JordanK\Desktop\szt-OS\gui\Game_1\CreateWindow.cpp(12,31): warning C4244: 'argument': conversion from 'double' to 'float', possible loss of data
C:\Users\JordanK\Desktop\szt-OS\gui\Game_1\CreateWindow.cpp(12,28): warning C4244: 'argument': conversion from 'double' to 'float', possible loss of data
C:\Users\JordanK\Desktop\szt-OS\gui\Game_1\CreateWindow.cpp(16,42): warning C4244: 'argument': conversion from 'double' to 'float', possible loss of data
C:\Users\JordanK\Desktop\szt-OS\gui\Game_1\CreateWindow.cpp(16,34): warning C4244: 'argument': conversion from 'double' to 'float', possible loss of data
  Main.cpp
C:\Users\JordanK\Desktop\szt-OS\gui\Game_1\Main.cpp(10,1): warning C4005: '_CRT_SECURE_NO_WARNINGS': macro redefinition
C:\Users\JordanK\Desktop\szt-OS\gui\Game_1\Main.cpp : message : see previous definition of '_CRT_SECURE_NO_WARNINGS'
  TextBox.cpp
  Generating Code...
  Game_1.vcxproj -> C:\Users\JordanK\Desktop\szt-OS\gui\x64\Debug\gui.exe
